Using pre-set license
Built from '2021.3/staging' branch; Version is '2021.3.8f1 (b30333d56e81) revision 11731763'; Using compiler version '192829333'; Build Type 'Release'
OS: 'Windows 11  (10.0.22621) 64bit Professional' Language: 'ko' Physical Memory: 16121 MB
BatchMode: 1, IsHumanControllingUs: 0, StartBugReporterOnCrash: 0, Is64bit: 1, IsPro: 1

COMMAND LINE ARGUMENTS:
C:\Program Files\Unity\Hub\Editor\2021.3.8f1\Editor\Unity.exe
-adb2
-batchMode
-noUpm
-name
AssetImportWorker0
-projectPath
C:/Users/user/Documents/GitHub/100_Round_Dungeon
-logFile
Logs/AssetImportWorker0.log
-srvPort
56393
Successfully changed project path to: C:/Users/user/Documents/GitHub/100_Round_Dungeon
C:/Users/user/Documents/GitHub/100_Round_Dungeon
[UnityMemory] Configuration Parameters - Can be set up in boot.config
    "memorysetup-bucket-allocator-granularity=16"
    "memorysetup-bucket-allocator-bucket-count=8"
    "memorysetup-bucket-allocator-block-size=33554432"
    "memorysetup-bucket-allocator-block-count=8"
    "memorysetup-main-allocator-block-size=16777216"
    "memorysetup-thread-allocator-block-size=16777216"
    "memorysetup-gfx-main-allocator-block-size=16777216"
    "memorysetup-gfx-thread-allocator-block-size=16777216"
    "memorysetup-cache-allocator-block-size=4194304"
    "memorysetup-typetree-allocator-block-size=2097152"
    "memorysetup-profiler-bucket-allocator-granularity=16"
    "memorysetup-profiler-bucket-allocator-bucket-count=8"
    "memorysetup-profiler-bucket-allocator-block-size=33554432"
    "memorysetup-profiler-bucket-allocator-block-count=8"
    "memorysetup-profiler-allocator-block-size=16777216"
    "memorysetup-profiler-editor-allocator-block-size=1048576"
    "memorysetup-temp-allocator-size-main=16777216"
    "memorysetup-job-temp-allocator-block-size=2097152"
    "memorysetup-job-temp-allocator-block-size-background=1048576"
    "memorysetup-job-temp-allocator-reduction-small-platforms=262144"
    "memorysetup-temp-allocator-size-background-worker=32768"
    "memorysetup-temp-allocator-size-job-worker=262144"
    "memorysetup-temp-allocator-size-preload-manager=33554432"
    "memorysetup-temp-allocator-size-nav-mesh-worker=65536"
    "memorysetup-temp-allocator-size-audio-worker=65536"
    "memorysetup-temp-allocator-size-cloud-worker=32768"
    "memorysetup-temp-allocator-size-gi-baking-worker=262144"
    "memorysetup-temp-allocator-size-gfx=262144"
Refreshing native plugins compatible for Editor in 71.29 ms, found 3 plugins.
Preloading 0 native plugins for Editor in 0.00 ms.
Initialize engine version: 2021.3.8f1 (b30333d56e81)
[Subsystems] Discovering subsystems at path C:/Program Files/Unity/Hub/Editor/2021.3.8f1/Editor/Data/Resources/UnitySubsystems
[Subsystems] Discovering subsystems at path C:/Users/user/Documents/GitHub/100_Round_Dungeon/Assets
GfxDevice: creating device client; threaded=0; jobified=0
Direct3D:
    Version:  Direct3D 11.0 [level 11.1]
    Renderer: NVIDIA GeForce RTX 3050 Ti Laptop GPU (ID=0x25a0)
    Vendor:   NVIDIA
    VRAM:     3990 MB
    Driver:   31.0.15.1748
Initialize mono
Mono path[0] = 'C:/Program Files/Unity/Hub/Editor/2021.3.8f1/Editor/Data/Managed'
Mono path[1] = 'C:/Program Files/Unity/Hub/Editor/2021.3.8f1/Editor/Data/MonoBleedingEdge/lib/mono/unityjit-win32'
Mono config path = 'C:/Program Files/Unity/Hub/Editor/2021.3.8f1/Editor/Data/MonoBleedingEdge/etc'
Using monoOptions --debugger-agent=transport=dt_socket,embedding=1,server=y,suspend=n,address=127.0.0.1:56524
Begin MonoManager ReloadAssembly
Registering precompiled unity dll's ...
Register platform support module: C:/Program Files/Unity/Hub/Editor/2021.3.8f1/Editor/Data/PlaybackEngines/WindowsStandaloneSupport/UnityEditor.WindowsStandalone.Extensions.dll
Registered in 0.003768 seconds.
Native extension for WindowsStandalone target not found
Refreshing native plugins compatible for Editor in 69.88 ms, found 3 plugins.
Preloading 0 native plugins for Editor in 0.00 ms.
Mono: successfully reloaded assembly
- Completed reload, in  0.529 seconds
Domain Reload Profiling:
	ReloadAssembly (530ms)
		BeginReloadAssembly (64ms)
			ExecutionOrderSort (0ms)
			DisableScriptedObjects (0ms)
			BackupInstance (0ms)
			ReleaseScriptingObjects (0ms)
			CreateAndSetChildDomain (1ms)
		EndReloadAssembly (372ms)
			LoadAssemblies (62ms)
			RebuildTransferFunctionScriptingTraits (0ms)
			SetupTypeCache (91ms)
			ReleaseScriptCaches (0ms)
			RebuildScriptCaches (22ms)
			SetupLoadedEditorAssemblies (219ms)
				LogAssemblyErrors (0ms)
				InitializePlatformSupportModulesInManaged (6ms)
				SetLoadedEditorAssemblies (0ms)
				RefreshPlugins (70ms)
				BeforeProcessingInitializeOnLoad (1ms)
				ProcessInitializeOnLoadAttributes (97ms)
				ProcessInitializeOnLoadMethodAttributes (44ms)
				AfterProcessingInitializeOnLoad (0ms)
				EditorAssembliesLoaded (0ms)
			ExecutionOrderSort2 (0ms)
			AwakeInstancesAfterBackupRestoration (0ms)
Platform modules already initialized, skipping
Registering precompiled user dll's ...
Registered in 0.005435 seconds.
Begin MonoManager ReloadAssembly
Symbol file LoadedFromMemory doesn't match image C:\Users\user\Documents\GitHub\100_Round_Dungeon\Library\PackageCache\com.unity.visualscripting@1.7.8\Editor\VisualScripting.Core\Dependencies\YamlDotNet\Unity.VisualScripting.YamlDotNet.dll
Symbol file LoadedFromMemory doesn't match image C:\Users\user\Documents\GitHub\100_Round_Dungeon\Library\PackageCache\com.unity.visualscripting@1.7.8\Editor\VisualScripting.Core\Dependencies\DotNetZip\Unity.VisualScripting.IonicZip.dll
Native extension for WindowsStandalone target not found
Refreshing native plugins compatible for Editor in 0.96 ms, found 3 plugins.
Preloading 0 native plugins for Editor in 0.00 ms.
Mono: successfully reloaded assembly
- Completed reload, in  0.896 seconds
Domain Reload Profiling:
	ReloadAssembly (897ms)
		BeginReloadAssembly (98ms)
			ExecutionOrderSort (0ms)
			DisableScriptedObjects (5ms)
			BackupInstance (0ms)
			ReleaseScriptingObjects (0ms)
			CreateAndSetChildDomain (18ms)
		EndReloadAssembly (698ms)
			LoadAssemblies (79ms)
			RebuildTransferFunctionScriptingTraits (0ms)
			SetupTypeCache (221ms)
			ReleaseScriptCaches (1ms)
			RebuildScriptCaches (40ms)
			SetupLoadedEditorAssemblies (323ms)
				LogAssemblyErrors (0ms)
				InitializePlatformSupportModulesInManaged (7ms)
				SetLoadedEditorAssemblies (1ms)
				RefreshPlugins (1ms)
				BeforeProcessingInitializeOnLoad (94ms)
				ProcessInitializeOnLoadAttributes (191ms)
				ProcessInitializeOnLoadMethodAttributes (23ms)
				AfterProcessingInitializeOnLoad (6ms)
				EditorAssembliesLoaded (0ms)
			ExecutionOrderSort2 (0ms)
			AwakeInstancesAfterBackupRestoration (12ms)
Platform modules already initialized, skipping
========================================================================
Worker process is ready to serve import requests
Launched and connected shader compiler UnityShaderCompiler.exe after 0.04 seconds
Refreshing native plugins compatible for Editor in 0.60 ms, found 3 plugins.
Preloading 0 native plugins for Editor in 0.00 ms.
Unloading 3377 Unused Serialized files (Serialized files now loaded: 0)
Unloading 27 unused Assets / (111.4 KB). Loaded Objects now: 3834.
Memory consumption went from 116.2 MB to 116.1 MB.
Total: 3.013800 ms (FindLiveObjects: 0.272100 ms CreateObjectMapping: 0.121300 ms MarkObjects: 2.531000 ms  DeleteObjects: 0.088600 ms)

AssetImportParameters requested are different than current active one (requested -> active):
  custom:video-decoder-ogg-theora: a1e56fd34408186e4bbccfd4996cb3dc -> 
  custom:container-muxer-webm: aa71ff27fc2769a1b78a27578f13a17b -> 
  custom:container-demuxer-webm: 4f35f7cbe854078d1ac9338744f61a02 -> 
  custom:video-encoder-webm-vp8: eb34c28f22e8b96e1ab97ce403110664 -> 
  custom:video-codec-MediaFoundation-h265: 746d11721c4dcdbdad8f713fa42b33f4 -> 
  custom:audio-encoder-webm-vorbis: bf7c407c2cedff20999df2af8eb42d56 -> 
  custom:framework-win-MediaFoundation: 216162199b28c13a410421893ffa2e32 -> 
  custom:container-demuxer-ogg: 62fdf1f143b41e24485cea50d1cbac27 -> 
  custom:video-decoder-webm-vp8: 9c59270c3fd7afecdb556c50c9e8de78 -> 
  custom:audio-decoder-ogg-vorbis: bf7c407c2cedff20999df2af8eb42d56 -> 
========================================================================
Received Import Request.
  Time since last request: 88214.542705 seconds.
  path: Assets/03_Sprite/Room/Boss Room
  artifactKey: Guid(e37891c8049fd9845bbc3d39c12e01b6) Importer(815301076,1909f56bfc062723c751e8b465ee728b)
Start importing Assets/03_Sprite/Room/Boss Room using Guid(e37891c8049fd9845bbc3d39c12e01b6) Importer(815301076,1909f56bfc062723c751e8b465ee728b)  -> (artifact id: '69dbbee0262015ff22faa93254ed74c6') in 0.011111 seconds 
========================================================================
Received Import Request.
  Time since last request: 0.000017 seconds.
  path: Assets/03_Sprite/Room/Boss Room/Package/Boss Room.png
  artifactKey: Guid(ac303b2c6e35ef24c8a741c62afc5efd) Importer(815301076,1909f56bfc062723c751e8b465ee728b)
Start importing Assets/03_Sprite/Room/Boss Room/Package/Boss Room.png using Guid(ac303b2c6e35ef24c8a741c62afc5efd) Importer(815301076,1909f56bfc062723c751e8b465ee728b)  -> (artifact id: 'f2e08776d10dc7b03d34f044b0424b76') in 0.098572 seconds 
========================================================================
Received Import Request.
  Time since last request: 0.000053 seconds.
  path: Assets/03_Sprite/Room/Boss Room/Package/Boss Room.obj
  artifactKey: Guid(c8402646971cc7c46a444e26ded87060) Importer(815301076,1909f56bfc062723c751e8b465ee728b)
Start importing Assets/03_Sprite/Room/Boss Room/Package/Boss Room.obj using Guid(c8402646971cc7c46a444e26ded87060) Importer(815301076,1909f56bfc062723c751e8b465ee728b)  -> (artifact id: '273f8e7bc2fcf66bf7be2a9bb78f3e0b') in 0.357034 seconds 
========================================================================
Received Import Request.
  Time since last request: 1.426565 seconds.
  path: Assets/03_Sprite/Room/Dragon Room
  artifactKey: Guid(86abf732998d36c4583428b8165d6077) Importer(815301076,1909f56bfc062723c751e8b465ee728b)
Start importing Assets/03_Sprite/Room/Dragon Room using Guid(86abf732998d36c4583428b8165d6077) Importer(815301076,1909f56bfc062723c751e8b465ee728b)  -> (artifact id: 'c7085c7e183441d81bee9115ede0805c') in 0.006783 seconds 
========================================================================
Received Import Request.
  Time since last request: 9.601203 seconds.
  path: Assets/03_Sprite/Room/Trapped Room/Package/TrappedRoom.png
  artifactKey: Guid(68a159088c825b243b9408c02899ff51) Importer(815301076,1909f56bfc062723c751e8b465ee728b)
Start importing Assets/03_Sprite/Room/Trapped Room/Package/TrappedRoom.png using Guid(68a159088c825b243b9408c02899ff51) Importer(815301076,1909f56bfc062723c751e8b465ee728b)  -> (artifact id: 'f8408405d0ead49a863e32f41086f86d') in 0.014307 seconds 
========================================================================
Received Import Request.
  Time since last request: 20.379955 seconds.
  path: Assets/03_Sprite/Room/Dragon Room/Package/Dragon Room.png
  artifactKey: Guid(bafee2f4733fc6d449ab45c1c27baad8) Importer(815301076,1909f56bfc062723c751e8b465ee728b)
Start importing Assets/03_Sprite/Room/Dragon Room/Package/Dragon Room.png using Guid(bafee2f4733fc6d449ab45c1c27baad8) Importer(815301076,1909f56bfc062723c751e8b465ee728b)  -> (artifact id: 'fc664dab0f1217357eb854ed84e68bc1') in 0.012106 seconds 
========================================================================
Received Import Request.
  Time since last request: 19.863709 seconds.
  path: Assets/03_Sprite/Room/Garden/Package/Garden.png
  artifactKey: Guid(c163fb2327225284f87c12ebadca6387) Importer(815301076,1909f56bfc062723c751e8b465ee728b)
Start importing Assets/03_Sprite/Room/Garden/Package/Garden.png using Guid(c163fb2327225284f87c12ebadca6387) Importer(815301076,1909f56bfc062723c751e8b465ee728b)  -> (artifact id: '52c9427c676bd95eb9d82a4eb27d6107') in 0.016734 seconds 
Editor requested this worker to shutdown with reason: Scaling down because of idle timeout
AssetImportWorker is now disconnected from the server
Process exiting
Exiting without the bug reporter. Application will terminate with return code 0