Using pre-set license
Built from '2021.3/staging' branch; Version is '2021.3.8f1 (b30333d56e81) revision 11731763'; Using compiler version '192829333'; Build Type 'Release'
OS: 'Windows 11  (10.0.22621) 64bit Professional' Language: 'ko' Physical Memory: 16121 MB
BatchMode: 1, IsHumanControllingUs: 0, StartBugReporterOnCrash: 0, Is64bit: 1, IsPro: 1

COMMAND LINE ARGUMENTS:
C:\Program Files\Unity\Hub\Editor\2021.3.8f1\Editor\Unity.exe
-adb2
-batchMode
-noUpm
-name
AssetImportWorker2
-projectPath
C:/Users/user/Documents/GitHub/100_Round_Dungeon
-logFile
Logs/AssetImportWorker2.log
-srvPort
55643
Successfully changed project path to: C:/Users/user/Documents/GitHub/100_Round_Dungeon
C:/Users/user/Documents/GitHub/100_Round_Dungeon
[UnityMemory] Configuration Parameters - Can be set up in boot.config
    "memorysetup-bucket-allocator-granularity=16"
    "memorysetup-bucket-allocator-bucket-count=8"
    "memorysetup-bucket-allocator-block-size=33554432"
    "memorysetup-bucket-allocator-block-count=8"
    "memorysetup-main-allocator-block-size=16777216"
    "memorysetup-thread-allocator-block-size=16777216"
    "memorysetup-gfx-main-allocator-block-size=16777216"
    "memorysetup-gfx-thread-allocator-block-size=16777216"
    "memorysetup-cache-allocator-block-size=4194304"
    "memorysetup-typetree-allocator-block-size=2097152"
    "memorysetup-profiler-bucket-allocator-granularity=16"
    "memorysetup-profiler-bucket-allocator-bucket-count=8"
    "memorysetup-profiler-bucket-allocator-block-size=33554432"
    "memorysetup-profiler-bucket-allocator-block-count=8"
    "memorysetup-profiler-allocator-block-size=16777216"
    "memorysetup-profiler-editor-allocator-block-size=1048576"
    "memorysetup-temp-allocator-size-main=16777216"
    "memorysetup-job-temp-allocator-block-size=2097152"
    "memorysetup-job-temp-allocator-block-size-background=1048576"
    "memorysetup-job-temp-allocator-reduction-small-platforms=262144"
    "memorysetup-temp-allocator-size-background-worker=32768"
    "memorysetup-temp-allocator-size-job-worker=262144"
    "memorysetup-temp-allocator-size-preload-manager=33554432"
    "memorysetup-temp-allocator-size-nav-mesh-worker=65536"
    "memorysetup-temp-allocator-size-audio-worker=65536"
    "memorysetup-temp-allocator-size-cloud-worker=32768"
    "memorysetup-temp-allocator-size-gi-baking-worker=262144"
    "memorysetup-temp-allocator-size-gfx=262144"
Refreshing native plugins compatible for Editor in 70.92 ms, found 3 plugins.
Preloading 0 native plugins for Editor in 0.00 ms.
Initialize engine version: 2021.3.8f1 (b30333d56e81)
[Subsystems] Discovering subsystems at path C:/Program Files/Unity/Hub/Editor/2021.3.8f1/Editor/Data/Resources/UnitySubsystems
[Subsystems] Discovering subsystems at path C:/Users/user/Documents/GitHub/100_Round_Dungeon/Assets
GfxDevice: creating device client; threaded=0; jobified=0
Direct3D:
    Version:  Direct3D 11.0 [level 11.1]
    Renderer: NVIDIA GeForce RTX 3050 Ti Laptop GPU (ID=0x25a0)
    Vendor:   NVIDIA
    VRAM:     3990 MB
    Driver:   31.0.15.1748
Initialize mono
Mono path[0] = 'C:/Program Files/Unity/Hub/Editor/2021.3.8f1/Editor/Data/Managed'
Mono path[1] = 'C:/Program Files/Unity/Hub/Editor/2021.3.8f1/Editor/Data/MonoBleedingEdge/lib/mono/unityjit-win32'
Mono config path = 'C:/Program Files/Unity/Hub/Editor/2021.3.8f1/Editor/Data/MonoBleedingEdge/etc'
Using monoOptions --debugger-agent=transport=dt_socket,embedding=1,server=y,suspend=n,address=127.0.0.1:56932
Begin MonoManager ReloadAssembly
Registering precompiled unity dll's ...
Register platform support module: C:/Program Files/Unity/Hub/Editor/2021.3.8f1/Editor/Data/PlaybackEngines/WindowsStandaloneSupport/UnityEditor.WindowsStandalone.Extensions.dll
Registered in 0.006250 seconds.
Native extension for WindowsStandalone target not found
Refreshing native plugins compatible for Editor in 71.87 ms, found 3 plugins.
Preloading 0 native plugins for Editor in 0.00 ms.
Mono: successfully reloaded assembly
- Completed reload, in  0.541 seconds
Domain Reload Profiling:
	ReloadAssembly (541ms)
		BeginReloadAssembly (65ms)
			ExecutionOrderSort (0ms)
			DisableScriptedObjects (0ms)
			BackupInstance (0ms)
			ReleaseScriptingObjects (0ms)
			CreateAndSetChildDomain (1ms)
		EndReloadAssembly (377ms)
			LoadAssemblies (63ms)
			RebuildTransferFunctionScriptingTraits (0ms)
			SetupTypeCache (83ms)
			ReleaseScriptCaches (0ms)
			RebuildScriptCaches (25ms)
			SetupLoadedEditorAssemblies (223ms)
				LogAssemblyErrors (0ms)
				InitializePlatformSupportModulesInManaged (6ms)
				SetLoadedEditorAssemblies (0ms)
				RefreshPlugins (72ms)
				BeforeProcessingInitializeOnLoad (1ms)
				ProcessInitializeOnLoadAttributes (96ms)
				ProcessInitializeOnLoadMethodAttributes (49ms)
				AfterProcessingInitializeOnLoad (0ms)
				EditorAssembliesLoaded (0ms)
			ExecutionOrderSort2 (0ms)
			AwakeInstancesAfterBackupRestoration (0ms)
Platform modules already initialized, skipping
Registering precompiled user dll's ...
Registered in 0.006799 seconds.
Begin MonoManager ReloadAssembly
Symbol file LoadedFromMemory doesn't match image C:\Users\user\Documents\GitHub\100_Round_Dungeon\Library\PackageCache\com.unity.visualscripting@1.7.8\Editor\VisualScripting.Core\Dependencies\YamlDotNet\Unity.VisualScripting.YamlDotNet.dll
Symbol file LoadedFromMemory doesn't match image C:\Users\user\Documents\GitHub\100_Round_Dungeon\Library\PackageCache\com.unity.visualscripting@1.7.8\Editor\VisualScripting.Core\Dependencies\DotNetZip\Unity.VisualScripting.IonicZip.dll
Native extension for WindowsStandalone target not found
Refreshing native plugins compatible for Editor in 0.45 ms, found 3 plugins.
Preloading 0 native plugins for Editor in 0.00 ms.
Mono: successfully reloaded assembly
- Completed reload, in  0.906 seconds
Domain Reload Profiling:
	ReloadAssembly (907ms)
		BeginReloadAssembly (114ms)
			ExecutionOrderSort (0ms)
			DisableScriptedObjects (4ms)
			BackupInstance (0ms)
			ReleaseScriptingObjects (0ms)
			CreateAndSetChildDomain (22ms)
		EndReloadAssembly (694ms)
			LoadAssemblies (87ms)
			RebuildTransferFunctionScriptingTraits (0ms)
			SetupTypeCache (236ms)
			ReleaseScriptCaches (1ms)
			RebuildScriptCaches (45ms)
			SetupLoadedEditorAssemblies (309ms)
				LogAssemblyErrors (0ms)
				InitializePlatformSupportModulesInManaged (4ms)
				SetLoadedEditorAssemblies (0ms)
				RefreshPlugins (1ms)
				BeforeProcessingInitializeOnLoad (75ms)
				ProcessInitializeOnLoadAttributes (200ms)
				ProcessInitializeOnLoadMethodAttributes (24ms)
				AfterProcessingInitializeOnLoad (5ms)
				EditorAssembliesLoaded (0ms)
			ExecutionOrderSort2 (0ms)
			AwakeInstancesAfterBackupRestoration (8ms)
Platform modules already initialized, skipping
========================================================================
Worker process is ready to serve import requests
Launched and connected shader compiler UnityShaderCompiler.exe after 0.06 seconds
Refreshing native plugins compatible for Editor in 0.91 ms, found 3 plugins.
Preloading 0 native plugins for Editor in 0.00 ms.
Unloading 3377 Unused Serialized files (Serialized files now loaded: 0)
Unloading 27 unused Assets / (110.9 KB). Loaded Objects now: 3834.
Memory consumption went from 116.2 MB to 116.1 MB.
Total: 2.806200 ms (FindLiveObjects: 0.372000 ms CreateObjectMapping: 0.183600 ms MarkObjects: 2.150100 ms  DeleteObjects: 0.099600 ms)

AssetImportParameters requested are different than current active one (requested -> active):
  custom:video-decoder-ogg-theora: a1e56fd34408186e4bbccfd4996cb3dc -> 
  custom:container-muxer-webm: aa71ff27fc2769a1b78a27578f13a17b -> 
  custom:container-demuxer-webm: 4f35f7cbe854078d1ac9338744f61a02 -> 
  custom:video-encoder-webm-vp8: eb34c28f22e8b96e1ab97ce403110664 -> 
  custom:video-codec-MediaFoundation-h265: 746d11721c4dcdbdad8f713fa42b33f4 -> 
  custom:audio-encoder-webm-vorbis: bf7c407c2cedff20999df2af8eb42d56 -> 
  custom:framework-win-MediaFoundation: 216162199b28c13a410421893ffa2e32 -> 
  custom:container-demuxer-ogg: 62fdf1f143b41e24485cea50d1cbac27 -> 
  custom:video-decoder-webm-vp8: 9c59270c3fd7afecdb556c50c9e8de78 -> 
  custom:audio-decoder-ogg-vorbis: bf7c407c2cedff20999df2af8eb42d56 -> 
========================================================================
Received Import Request.
  Time since last request: 93651.261938 seconds.
  path: Assets/03_Sprite/FreeSample/FreeContent
  artifactKey: Guid(451493da884b3f6439fae94b45bf97ac) Importer(815301076,1909f56bfc062723c751e8b465ee728b)
Start importing Assets/03_Sprite/FreeSample/FreeContent using Guid(451493da884b3f6439fae94b45bf97ac) Importer(815301076,1909f56bfc062723c751e8b465ee728b)  -> (artifact id: '693214dbce85b270682eecd9577558a7') in 0.012173 seconds 
========================================================================
Received Import Request.
  Time since last request: 0.000053 seconds.
  path: Assets/03_Sprite/FreeSample/FreeContent/Plinth_Big_01_001.fbx
  artifactKey: Guid(09822a3a78f83b44ca2bc8d3a88253e5) Importer(815301076,1909f56bfc062723c751e8b465ee728b)
Start importing Assets/03_Sprite/FreeSample/FreeContent/Plinth_Big_01_001.fbx using Guid(09822a3a78f83b44ca2bc8d3a88253e5) Importer(815301076,1909f56bfc062723c751e8b465ee728b)  -> (artifact id: 'c0def85fd56cb8c89687411157bb4554') in 0.199836 seconds 
========================================================================
Received Import Request.
  Time since last request: 0.000050 seconds.
  path: Assets/03_Sprite/FreeSample/FreeContent/SmallChest_Top_02_001.fbx
  artifactKey: Guid(b25edbc630b44a345b5d01acbee5aef7) Importer(815301076,1909f56bfc062723c751e8b465ee728b)
Start importing Assets/03_Sprite/FreeSample/FreeContent/SmallChest_Top_02_001.fbx using Guid(b25edbc630b44a345b5d01acbee5aef7) Importer(815301076,1909f56bfc062723c751e8b465ee728b)  -> (artifact id: '2cb94a3bb891d85cf77e902df85776c3') in 0.029520 seconds 
========================================================================
Received Import Request.
  Time since last request: 0.910687 seconds.
  path: Assets/03_Sprite/FreeSample/FreeContent/Torch_Wall_01_001.fbx
  artifactKey: Guid(e4723d3f00ec83c4aa99766c59b6a316) Importer(815301076,1909f56bfc062723c751e8b465ee728b)
Start importing Assets/03_Sprite/FreeSample/FreeContent/Torch_Wall_01_001.fbx using Guid(e4723d3f00ec83c4aa99766c59b6a316) Importer(815301076,1909f56bfc062723c751e8b465ee728b)  -> (artifact id: 'a94796d9c690ee86c85b3ebe3199febe') in 0.018148 seconds 
========================================================================
Received Import Request.
  Time since last request: 0.031319 seconds.
  path: Assets/03_Sprite/FreeSample/FreeContent/WallBrick_Tall_01_001.fbx
  artifactKey: Guid(dad41e8b1f39c38428fde680b63835ba) Importer(815301076,1909f56bfc062723c751e8b465ee728b)
Start importing Assets/03_Sprite/FreeSample/FreeContent/WallBrick_Tall_01_001.fbx using Guid(dad41e8b1f39c38428fde680b63835ba) Importer(815301076,1909f56bfc062723c751e8b465ee728b)  -> (artifact id: '0addda4328395eefcbcb29f26d6b0837') in 0.019292 seconds 
========================================================================
Received Import Request.
  Time since last request: 19.241957 seconds.
  path: Assets/03_Sprite/FreeSample/Textures
  artifactKey: Guid(8dde22178ea18b44db92543abcc07405) Importer(815301076,1909f56bfc062723c751e8b465ee728b)
Start importing Assets/03_Sprite/FreeSample/Textures using Guid(8dde22178ea18b44db92543abcc07405) Importer(815301076,1909f56bfc062723c751e8b465ee728b)  -> (artifact id: 'fa7cf1c2ab494370f9fca41583e9e144') in 0.007180 seconds 
========================================================================
Received Import Request.
  Time since last request: 0.641862 seconds.
  path: Assets/03_Sprite/FreeSample/Textures/Diffuse
  artifactKey: Guid(abaa7b3f84f1c5c4da8d850a9f76809a) Importer(815301076,1909f56bfc062723c751e8b465ee728b)
Start importing Assets/03_Sprite/FreeSample/Textures/Diffuse using Guid(abaa7b3f84f1c5c4da8d850a9f76809a) Importer(815301076,1909f56bfc062723c751e8b465ee728b)  -> (artifact id: '2d25d0d3324da1283c9ce75bc2ddf8ed') in 0.005798 seconds 
========================================================================
Received Import Request.
  Time since last request: 0.043508 seconds.
  path: Assets/03_Sprite/FreeSample/Textures/Diffuse/BAKE_Blocks_DiffuseMap- 4K.png
  artifactKey: Guid(8e6a06d6348b4c94fab457af17050437) Importer(815301076,1909f56bfc062723c751e8b465ee728b)
Start importing Assets/03_Sprite/FreeSample/Textures/Diffuse/BAKE_Blocks_DiffuseMap- 4K.png using Guid(8e6a06d6348b4c94fab457af17050437) Importer(815301076,1909f56bfc062723c751e8b465ee728b)  -> (artifact id: '83526d64fcf88f728a152d4b376e9daf') in 0.034785 seconds 
========================================================================
Received Import Request.
  Time since last request: 186.504544 seconds.
  path: Assets/03_Sprite/FreeSample/Textures/Diffuse/BAKE_Blocks_DiffuseMap- 4K.png
  artifactKey: Guid(8e6a06d6348b4c94fab457af17050437) Importer(815301076,1909f56bfc062723c751e8b465ee728b)
Start importing Assets/03_Sprite/FreeSample/Textures/Diffuse/BAKE_Blocks_DiffuseMap- 4K.png using Guid(8e6a06d6348b4c94fab457af17050437) Importer(815301076,1909f56bfc062723c751e8b465ee728b)  -> (artifact id: '8780a8493152e33298f2682667a4fa58') in 0.016831 seconds 
========================================================================
Received Import Request.
  Time since last request: 5.369046 seconds.
  path: Assets/03_Sprite/FreeSample/Textures/Diffuse/BAKE_Props_grp1_DiffuseMap- 4K.png
  artifactKey: Guid(36cfdd2aace6162448c5165c9d870640) Importer(815301076,1909f56bfc062723c751e8b465ee728b)
Start importing Assets/03_Sprite/FreeSample/Textures/Diffuse/BAKE_Props_grp1_DiffuseMap- 4K.png using Guid(36cfdd2aace6162448c5165c9d870640) Importer(815301076,1909f56bfc062723c751e8b465ee728b)  -> (artifact id: 'b0cd6d677427945478398c37b19d0032') in 0.016922 seconds 
========================================================================
Received Import Request.
  Time since last request: 3.119725 seconds.
  path: Assets/03_Sprite/FreeSample/Textures/Diffuse/BAKE_Props_grp1_DiffuseMap- 4K.png
  artifactKey: Guid(36cfdd2aace6162448c5165c9d870640) Importer(815301076,1909f56bfc062723c751e8b465ee728b)
Start importing Assets/03_Sprite/FreeSample/Textures/Diffuse/BAKE_Props_grp1_DiffuseMap- 4K.png using Guid(36cfdd2aace6162448c5165c9d870640) Importer(815301076,1909f56bfc062723c751e8b465ee728b)  -> (artifact id: '7d39063d156bc429b38c62049e221837') in 0.020558 seconds 
========================================================================
Received Import Request.
  Time since last request: 3.643812 seconds.
  path: Assets/03_Sprite/FreeSample/Textures/Diffuse/BAKE_Blocks_DiffuseMap- 4K.png
  artifactKey: Guid(8e6a06d6348b4c94fab457af17050437) Importer(815301076,1909f56bfc062723c751e8b465ee728b)
Start importing Assets/03_Sprite/FreeSample/Textures/Diffuse/BAKE_Blocks_DiffuseMap- 4K.png using Guid(8e6a06d6348b4c94fab457af17050437) Importer(815301076,1909f56bfc062723c751e8b465ee728b)  -> (artifact id: '8a395d26bdd84994027407a8560a2f01') in 0.016723 seconds 
========================================================================
Received Import Request.
  Time since last request: 5.872117 seconds.
  path: Assets/03_Sprite/FreeSample/Textures/Diffuse/BAKE_Props_grp2_DiffuseMap- 4K.png
  artifactKey: Guid(9ff2fcbb00cf82e4b8d4617dbec3330f) Importer(815301076,1909f56bfc062723c751e8b465ee728b)
Start importing Assets/03_Sprite/FreeSample/Textures/Diffuse/BAKE_Props_grp2_DiffuseMap- 4K.png using Guid(9ff2fcbb00cf82e4b8d4617dbec3330f) Importer(815301076,1909f56bfc062723c751e8b465ee728b)  -> (artifact id: 'daf522a14ac1221f1b57e2cf8699de38') in 0.019488 seconds 
========================================================================
Received Import Request.
  Time since last request: 5.383840 seconds.
  path: Assets/03_Sprite/FreeSample/Textures/Diffuse/BAKE_Walls_DiffuseMap- 4K.png
  artifactKey: Guid(202b79982fa1ea74e9f29cb1ac0a59d6) Importer(815301076,1909f56bfc062723c751e8b465ee728b)
Start importing Assets/03_Sprite/FreeSample/Textures/Diffuse/BAKE_Walls_DiffuseMap- 4K.png using Guid(202b79982fa1ea74e9f29cb1ac0a59d6) Importer(815301076,1909f56bfc062723c751e8b465ee728b)  -> (artifact id: '13fbcc3613961d1a881cac15c9a91483') in 0.022306 seconds 
========================================================================
Received Import Request.
  Time since last request: 57.116265 seconds.
  path: Assets/03_Sprite/FreeSample/FreeContent/Armor_01_001.fbx
  artifactKey: Guid(97d5add8e09fe554ca286381fd29864c) Importer(815301076,1909f56bfc062723c751e8b465ee728b)
Start importing Assets/03_Sprite/FreeSample/FreeContent/Armor_01_001.fbx using Guid(97d5add8e09fe554ca286381fd29864c) Importer(815301076,1909f56bfc062723c751e8b465ee728b)  -> (artifact id: 'e7a911c5c49780b88a1b90ac4120b017') in 0.031996 seconds 
========================================================================
Received Import Request.
  Time since last request: 0.000029 seconds.
  path: Assets/03_Sprite/FreeSample/FreeContent/Floor_Corner_01_001.fbx
  artifactKey: Guid(9e8ae779cbe06364c9d881a00b591a35) Importer(815301076,1909f56bfc062723c751e8b465ee728b)
Start importing Assets/03_Sprite/FreeSample/FreeContent/Floor_Corner_01_001.fbx using Guid(9e8ae779cbe06364c9d881a00b591a35) Importer(815301076,1909f56bfc062723c751e8b465ee728b)  -> (artifact id: 'c3f958d628e098d2379022de60795c8e') in 0.038680 seconds 
========================================================================
Received Import Request.
  Time since last request: 0.000033 seconds.
  path: Assets/03_Sprite/FreeSample/FreeContent/Plinth_Big_01_001.fbx
  artifactKey: Guid(09822a3a78f83b44ca2bc8d3a88253e5) Importer(815301076,1909f56bfc062723c751e8b465ee728b)
Start importing Assets/03_Sprite/FreeSample/FreeContent/Plinth_Big_01_001.fbx using Guid(09822a3a78f83b44ca2bc8d3a88253e5) Importer(815301076,1909f56bfc062723c751e8b465ee728b)  -> (artifact id: '438c37c84cc0872058b703713d419b1a') in 0.035437 seconds 
========================================================================
Received Import Request.
  Time since last request: 0.000035 seconds.
  path: Assets/03_Sprite/FreeSample/FreeContent/DoorFrame_02_001.fbx
  artifactKey: Guid(34a553d7dc184374e986191cc656eff7) Importer(815301076,1909f56bfc062723c751e8b465ee728b)
Start importing Assets/03_Sprite/FreeSample/FreeContent/DoorFrame_02_001.fbx using Guid(34a553d7dc184374e986191cc656eff7) Importer(815301076,1909f56bfc062723c751e8b465ee728b)  -> (artifact id: '88648f7b949d41dca3059e5d54873e75') in 0.037237 seconds 
========================================================================
Received Import Request.
  Time since last request: 0.000018 seconds.
  path: Assets/03_Sprite/FreeSample/FreeContent/Pillar_03_001.fbx
  artifactKey: Guid(76f7207a12ab8ac48843b1b5653c3cbc) Importer(815301076,1909f56bfc062723c751e8b465ee728b)
Start importing Assets/03_Sprite/FreeSample/FreeContent/Pillar_03_001.fbx using Guid(76f7207a12ab8ac48843b1b5653c3cbc) Importer(815301076,1909f56bfc062723c751e8b465ee728b)  -> (artifact id: '49264e42fe9ef9078382a0c1a65e1a4c') in 0.033951 seconds 
========================================================================
Received Import Request.
  Time since last request: 0.563992 seconds.
  path: Assets/03_Sprite/FreeSample/FreeContent/Torch_Wall_01_001.fbx
  artifactKey: Guid(e4723d3f00ec83c4aa99766c59b6a316) Importer(815301076,1909f56bfc062723c751e8b465ee728b)
Start importing Assets/03_Sprite/FreeSample/FreeContent/Torch_Wall_01_001.fbx using Guid(e4723d3f00ec83c4aa99766c59b6a316) Importer(815301076,1909f56bfc062723c751e8b465ee728b)  -> (artifact id: '9b58c71bea07cb745335001023a08392') in 0.023441 seconds 
Editor requested this worker to shutdown with reason: Scaling down because of idle timeout
AssetImportWorker is now disconnected from the server
Process exiting
Exiting without the bug reporter. Application will terminate with return code 0