Using pre-set license
Built from '2021.3/staging' branch; Version is '2021.3.8f1 (b30333d56e81) revision 11731763'; Using compiler version '192829333'; Build Type 'Release'
OS: 'Windows 11  (10.0.22621) 64bit Professional' Language: 'ko' Physical Memory: 16121 MB
BatchMode: 1, IsHumanControllingUs: 0, StartBugReporterOnCrash: 0, Is64bit: 1, IsPro: 1

COMMAND LINE ARGUMENTS:
C:\Program Files\Unity\Hub\Editor\2021.3.8f1\Editor\Unity.exe
-adb2
-batchMode
-noUpm
-name
AssetImportWorker2
-projectPath
C:/Users/user/Documents/GitHub/100_Round_Dungeon
-logFile
Logs/AssetImportWorker2.log
-srvPort
56393
Successfully changed project path to: C:/Users/user/Documents/GitHub/100_Round_Dungeon
C:/Users/user/Documents/GitHub/100_Round_Dungeon
[UnityMemory] Configuration Parameters - Can be set up in boot.config
    "memorysetup-bucket-allocator-granularity=16"
    "memorysetup-bucket-allocator-bucket-count=8"
    "memorysetup-bucket-allocator-block-size=33554432"
    "memorysetup-bucket-allocator-block-count=8"
    "memorysetup-main-allocator-block-size=16777216"
    "memorysetup-thread-allocator-block-size=16777216"
    "memorysetup-gfx-main-allocator-block-size=16777216"
    "memorysetup-gfx-thread-allocator-block-size=16777216"
    "memorysetup-cache-allocator-block-size=4194304"
    "memorysetup-typetree-allocator-block-size=2097152"
    "memorysetup-profiler-bucket-allocator-granularity=16"
    "memorysetup-profiler-bucket-allocator-bucket-count=8"
    "memorysetup-profiler-bucket-allocator-block-size=33554432"
    "memorysetup-profiler-bucket-allocator-block-count=8"
    "memorysetup-profiler-allocator-block-size=16777216"
    "memorysetup-profiler-editor-allocator-block-size=1048576"
    "memorysetup-temp-allocator-size-main=16777216"
    "memorysetup-job-temp-allocator-block-size=2097152"
    "memorysetup-job-temp-allocator-block-size-background=1048576"
    "memorysetup-job-temp-allocator-reduction-small-platforms=262144"
    "memorysetup-temp-allocator-size-background-worker=32768"
    "memorysetup-temp-allocator-size-job-worker=262144"
    "memorysetup-temp-allocator-size-preload-manager=33554432"
    "memorysetup-temp-allocator-size-nav-mesh-worker=65536"
    "memorysetup-temp-allocator-size-audio-worker=65536"
    "memorysetup-temp-allocator-size-cloud-worker=32768"
    "memorysetup-temp-allocator-size-gi-baking-worker=262144"
    "memorysetup-temp-allocator-size-gfx=262144"
Refreshing native plugins compatible for Editor in 65.43 ms, found 3 plugins.
Preloading 0 native plugins for Editor in 0.00 ms.
Initialize engine version: 2021.3.8f1 (b30333d56e81)
[Subsystems] Discovering subsystems at path C:/Program Files/Unity/Hub/Editor/2021.3.8f1/Editor/Data/Resources/UnitySubsystems
[Subsystems] Discovering subsystems at path C:/Users/user/Documents/GitHub/100_Round_Dungeon/Assets
GfxDevice: creating device client; threaded=0; jobified=0
Direct3D:
    Version:  Direct3D 11.0 [level 11.1]
    Renderer: NVIDIA GeForce RTX 3050 Ti Laptop GPU (ID=0x25a0)
    Vendor:   NVIDIA
    VRAM:     3990 MB
    Driver:   31.0.15.1748
Initialize mono
Mono path[0] = 'C:/Program Files/Unity/Hub/Editor/2021.3.8f1/Editor/Data/Managed'
Mono path[1] = 'C:/Program Files/Unity/Hub/Editor/2021.3.8f1/Editor/Data/MonoBleedingEdge/lib/mono/unityjit-win32'
Mono config path = 'C:/Program Files/Unity/Hub/Editor/2021.3.8f1/Editor/Data/MonoBleedingEdge/etc'
Using monoOptions --debugger-agent=transport=dt_socket,embedding=1,server=y,suspend=n,address=127.0.0.1:56004
Begin MonoManager ReloadAssembly
Registering precompiled unity dll's ...
Register platform support module: C:/Program Files/Unity/Hub/Editor/2021.3.8f1/Editor/Data/PlaybackEngines/WindowsStandaloneSupport/UnityEditor.WindowsStandalone.Extensions.dll
Registered in 0.004906 seconds.
Native extension for WindowsStandalone target not found
Refreshing native plugins compatible for Editor in 71.80 ms, found 3 plugins.
Preloading 0 native plugins for Editor in 0.00 ms.
Mono: successfully reloaded assembly
- Completed reload, in  0.547 seconds
Domain Reload Profiling:
	ReloadAssembly (547ms)
		BeginReloadAssembly (71ms)
			ExecutionOrderSort (0ms)
			DisableScriptedObjects (0ms)
			BackupInstance (0ms)
			ReleaseScriptingObjects (0ms)
			CreateAndSetChildDomain (1ms)
		EndReloadAssembly (377ms)
			LoadAssemblies (69ms)
			RebuildTransferFunctionScriptingTraits (0ms)
			SetupTypeCache (89ms)
			ReleaseScriptCaches (0ms)
			RebuildScriptCaches (23ms)
			SetupLoadedEditorAssemblies (218ms)
				LogAssemblyErrors (0ms)
				InitializePlatformSupportModulesInManaged (6ms)
				SetLoadedEditorAssemblies (0ms)
				RefreshPlugins (72ms)
				BeforeProcessingInitializeOnLoad (1ms)
				ProcessInitializeOnLoadAttributes (100ms)
				ProcessInitializeOnLoadMethodAttributes (38ms)
				AfterProcessingInitializeOnLoad (0ms)
				EditorAssembliesLoaded (0ms)
			ExecutionOrderSort2 (0ms)
			AwakeInstancesAfterBackupRestoration (0ms)
Platform modules already initialized, skipping
Registering precompiled user dll's ...
Registered in 0.004667 seconds.
Begin MonoManager ReloadAssembly
Symbol file LoadedFromMemory doesn't match image C:\Users\user\Documents\GitHub\100_Round_Dungeon\Library\PackageCache\com.unity.visualscripting@1.7.8\Editor\VisualScripting.Core\Dependencies\YamlDotNet\Unity.VisualScripting.YamlDotNet.dll
Symbol file LoadedFromMemory doesn't match image C:\Users\user\Documents\GitHub\100_Round_Dungeon\Library\PackageCache\com.unity.visualscripting@1.7.8\Editor\VisualScripting.Core\Dependencies\DotNetZip\Unity.VisualScripting.IonicZip.dll
Native extension for WindowsStandalone target not found
Refreshing native plugins compatible for Editor in 0.50 ms, found 3 plugins.
Preloading 0 native plugins for Editor in 0.00 ms.
Mono: successfully reloaded assembly
- Completed reload, in  0.809 seconds
Domain Reload Profiling:
	ReloadAssembly (809ms)
		BeginReloadAssembly (91ms)
			ExecutionOrderSort (0ms)
			DisableScriptedObjects (4ms)
			BackupInstance (0ms)
			ReleaseScriptingObjects (0ms)
			CreateAndSetChildDomain (15ms)
		EndReloadAssembly (626ms)
			LoadAssemblies (74ms)
			RebuildTransferFunctionScriptingTraits (0ms)
			SetupTypeCache (211ms)
			ReleaseScriptCaches (1ms)
			RebuildScriptCaches (37ms)
			SetupLoadedEditorAssemblies (274ms)
				LogAssemblyErrors (0ms)
				InitializePlatformSupportModulesInManaged (4ms)
				SetLoadedEditorAssemblies (0ms)
				RefreshPlugins (1ms)
				BeforeProcessingInitializeOnLoad (65ms)
				ProcessInitializeOnLoadAttributes (175ms)
				ProcessInitializeOnLoadMethodAttributes (23ms)
				AfterProcessingInitializeOnLoad (5ms)
				EditorAssembliesLoaded (0ms)
			ExecutionOrderSort2 (0ms)
			AwakeInstancesAfterBackupRestoration (8ms)
Platform modules already initialized, skipping
========================================================================
Worker process is ready to serve import requests
Launched and connected shader compiler UnityShaderCompiler.exe after 0.05 seconds
Refreshing native plugins compatible for Editor in 0.55 ms, found 3 plugins.
Preloading 0 native plugins for Editor in 0.00 ms.
Unloading 3377 Unused Serialized files (Serialized files now loaded: 0)
Unloading 27 unused Assets / (111.4 KB). Loaded Objects now: 3834.
Memory consumption went from 116.2 MB to 116.1 MB.
Total: 2.396800 ms (FindLiveObjects: 0.236900 ms CreateObjectMapping: 0.075100 ms MarkObjects: 1.991800 ms  DeleteObjects: 0.091100 ms)

AssetImportParameters requested are different than current active one (requested -> active):
  custom:video-decoder-ogg-theora: a1e56fd34408186e4bbccfd4996cb3dc -> 
  custom:container-muxer-webm: aa71ff27fc2769a1b78a27578f13a17b -> 
  custom:container-demuxer-webm: 4f35f7cbe854078d1ac9338744f61a02 -> 
  custom:video-encoder-webm-vp8: eb34c28f22e8b96e1ab97ce403110664 -> 
  custom:video-codec-MediaFoundation-h265: 746d11721c4dcdbdad8f713fa42b33f4 -> 
  custom:audio-encoder-webm-vorbis: bf7c407c2cedff20999df2af8eb42d56 -> 
  custom:framework-win-MediaFoundation: 216162199b28c13a410421893ffa2e32 -> 
  custom:container-demuxer-ogg: 62fdf1f143b41e24485cea50d1cbac27 -> 
  custom:video-decoder-webm-vp8: 9c59270c3fd7afecdb556c50c9e8de78 -> 
  custom:audio-decoder-ogg-vorbis: bf7c407c2cedff20999df2af8eb42d56 -> 
========================================================================
Received Import Request.
  Time since last request: 88224.993645 seconds.
  path: Assets/03_Sprite/Room/Trapped Room
  artifactKey: Guid(767e2befaeb40284e9bc6c3f8ac703da) Importer(815301076,1909f56bfc062723c751e8b465ee728b)
Start importing Assets/03_Sprite/Room/Trapped Room using Guid(767e2befaeb40284e9bc6c3f8ac703da) Importer(815301076,1909f56bfc062723c751e8b465ee728b)  -> (artifact id: '3652d50ca0004ecfa283323795acdf77') in 0.011610 seconds 
========================================================================
Received Import Request.
  Time since last request: 0.975470 seconds.
  path: Assets/03_Sprite/Room/Trapped Room/Package
  artifactKey: Guid(f6e75e4205ba91340b007117e50a8521) Importer(815301076,1909f56bfc062723c751e8b465ee728b)
Start importing Assets/03_Sprite/Room/Trapped Room/Package using Guid(f6e75e4205ba91340b007117e50a8521) Importer(815301076,1909f56bfc062723c751e8b465ee728b)  -> (artifact id: 'a41b5f3c6cb0574ee7985f5cd78a56d7') in 0.001714 seconds 
========================================================================
Received Import Request.
  Time since last request: 0.073142 seconds.
  path: Assets/03_Sprite/Room/Trapped Room/Package/TrappedRoom.obj
  artifactKey: Guid(3b6981f88c958554ab8d12e85865620b) Importer(815301076,1909f56bfc062723c751e8b465ee728b)
Start importing Assets/03_Sprite/Room/Trapped Room/Package/TrappedRoom.obj using Guid(3b6981f88c958554ab8d12e85865620b) Importer(815301076,1909f56bfc062723c751e8b465ee728b)  -> (artifact id: 'f3da347bf77942a8dae1d73353d7d8e4') in 0.265534 seconds 
========================================================================
Received Import Request.
  Time since last request: 16.090280 seconds.
  path: Assets/03_Sprite/Room/Thirsty Corridor
  artifactKey: Guid(4d77022525f38014f9838ed363863ee6) Importer(815301076,1909f56bfc062723c751e8b465ee728b)
Start importing Assets/03_Sprite/Room/Thirsty Corridor using Guid(4d77022525f38014f9838ed363863ee6) Importer(815301076,1909f56bfc062723c751e8b465ee728b)  -> (artifact id: '890483b9f94154aee780ba9697ba537d') in 0.005706 seconds 
========================================================================
Received Import Request.
  Time since last request: 0.714962 seconds.
  path: Assets/03_Sprite/Room/Treasure
  artifactKey: Guid(31ba2c7508f1579448dcc7cc11db262f) Importer(815301076,1909f56bfc062723c751e8b465ee728b)
Start importing Assets/03_Sprite/Room/Treasure using Guid(31ba2c7508f1579448dcc7cc11db262f) Importer(815301076,1909f56bfc062723c751e8b465ee728b)  -> (artifact id: '5b544d0ed9b56ef7efd22596b14c8012') in 0.005795 seconds 
========================================================================
Received Import Request.
  Time since last request: 0.771429 seconds.
  path: Assets/03_Sprite/Room/Stairs
  artifactKey: Guid(fd1f263b0b10bf248ac93f9ef76d2d5c) Importer(815301076,1909f56bfc062723c751e8b465ee728b)
Start importing Assets/03_Sprite/Room/Stairs using Guid(fd1f263b0b10bf248ac93f9ef76d2d5c) Importer(815301076,1909f56bfc062723c751e8b465ee728b)  -> (artifact id: 'bed5823b85dcd1337d65f9a1a396c96e') in 0.006550 seconds 
========================================================================
Received Import Request.
  Time since last request: 0.350527 seconds.
  path: Assets/03_Sprite/Room/Princess Chamber
  artifactKey: Guid(d5657ae94c55c1d469c94b32e2b1f70f) Importer(815301076,1909f56bfc062723c751e8b465ee728b)
Start importing Assets/03_Sprite/Room/Princess Chamber using Guid(d5657ae94c55c1d469c94b32e2b1f70f) Importer(815301076,1909f56bfc062723c751e8b465ee728b)  -> (artifact id: '42493b4f2983f155154006c38830c828') in 0.006079 seconds 
========================================================================
Received Import Request.
  Time since last request: 0.625806 seconds.
  path: Assets/03_Sprite/Room/King Throne
  artifactKey: Guid(1637eea2493e4bb40a3260d898e76aae) Importer(815301076,1909f56bfc062723c751e8b465ee728b)
Start importing Assets/03_Sprite/Room/King Throne using Guid(1637eea2493e4bb40a3260d898e76aae) Importer(815301076,1909f56bfc062723c751e8b465ee728b)  -> (artifact id: '1cdd54b16ae0a92dbf4d3f577f0a3250') in 0.006231 seconds 
========================================================================
Received Import Request.
  Time since last request: 0.261406 seconds.
  path: Assets/03_Sprite/Room/Garden
  artifactKey: Guid(8196f192e6b27354e816cf7a7f2d91af) Importer(815301076,1909f56bfc062723c751e8b465ee728b)
Start importing Assets/03_Sprite/Room/Garden using Guid(8196f192e6b27354e816cf7a7f2d91af) Importer(815301076,1909f56bfc062723c751e8b465ee728b)  -> (artifact id: '0faf38be33d4cb9671c33bded78adcc1') in 0.006067 seconds 
========================================================================
Received Import Request.
  Time since last request: 1.167225 seconds.
  path: Assets/03_Sprite/Room/Dragon Room/Package
  artifactKey: Guid(299103291f0a8ca44832227e406de1ee) Importer(815301076,1909f56bfc062723c751e8b465ee728b)
Start importing Assets/03_Sprite/Room/Dragon Room/Package using Guid(299103291f0a8ca44832227e406de1ee) Importer(815301076,1909f56bfc062723c751e8b465ee728b)  -> (artifact id: '1271ea6c935cea1d6c698ee88cc10b8c') in 0.002019 seconds 
========================================================================
Received Import Request.
  Time since last request: 0.070615 seconds.
  path: Assets/03_Sprite/Room/Dragon Room/Package/Dragon Room.obj
  artifactKey: Guid(ce13feaca6359ce45b862b1187159a0d) Importer(815301076,1909f56bfc062723c751e8b465ee728b)
Start importing Assets/03_Sprite/Room/Dragon Room/Package/Dragon Room.obj using Guid(ce13feaca6359ce45b862b1187159a0d) Importer(815301076,1909f56bfc062723c751e8b465ee728b)  -> (artifact id: 'bcc62f27f6b404a39073a9253aa4a293') in 0.032861 seconds 
========================================================================
Received Import Request.
  Time since last request: 19.797354 seconds.
  path: Assets/03_Sprite/Room/Garden/Package
  artifactKey: Guid(279e4fcb66236254882ddfe20d826b57) Importer(815301076,1909f56bfc062723c751e8b465ee728b)
Start importing Assets/03_Sprite/Room/Garden/Package using Guid(279e4fcb66236254882ddfe20d826b57) Importer(815301076,1909f56bfc062723c751e8b465ee728b)  -> (artifact id: '8710bd2b11a04a258f4869f8e990a40f') in 0.002116 seconds 
========================================================================
Received Import Request.
  Time since last request: 0.038460 seconds.
  path: Assets/03_Sprite/Room/Garden/Package/Garden.obj
  artifactKey: Guid(82337d7ba6f491147870ae521d7dc3b7) Importer(815301076,1909f56bfc062723c751e8b465ee728b)
Start importing Assets/03_Sprite/Room/Garden/Package/Garden.obj using Guid(82337d7ba6f491147870ae521d7dc3b7) Importer(815301076,1909f56bfc062723c751e8b465ee728b)  -> (artifact id: '4ad7705972001b60cfe2e7ed729e6b23') in 0.055768 seconds 
========================================================================
Received Import Request.
  Time since last request: 2565.202547 seconds.
  path: Assets/03_Sprite/Room/King Throne/Package
  artifactKey: Guid(8ea13e18a2812e44cab60492fdab69ed) Importer(815301076,1909f56bfc062723c751e8b465ee728b)
Start importing Assets/03_Sprite/Room/King Throne/Package using Guid(8ea13e18a2812e44cab60492fdab69ed) Importer(815301076,1909f56bfc062723c751e8b465ee728b)  -> (artifact id: 'ec7b64dcd05cfae3c1c8f2d91374979e') in 0.005090 seconds 
========================================================================
Received Import Request.
  Time since last request: 0.027666 seconds.
  path: Assets/03_Sprite/Room/King Throne/Package/Kings Throne.obj
  artifactKey: Guid(aacc2474e8540b641bc6f00466c311a7) Importer(815301076,1909f56bfc062723c751e8b465ee728b)
Start importing Assets/03_Sprite/Room/King Throne/Package/Kings Throne.obj using Guid(aacc2474e8540b641bc6f00466c311a7) Importer(815301076,1909f56bfc062723c751e8b465ee728b)  -> (artifact id: 'a911bb045ad2524188874d0582db31f9') in 0.033156 seconds 
========================================================================
Received Import Request.
  Time since last request: 9.512592 seconds.
  path: Assets/03_Sprite/Room/Princess Chamber/Package
  artifactKey: Guid(9917b02c0b36b0b418bf1125dbf967c9) Importer(815301076,1909f56bfc062723c751e8b465ee728b)
Start importing Assets/03_Sprite/Room/Princess Chamber/Package using Guid(9917b02c0b36b0b418bf1125dbf967c9) Importer(815301076,1909f56bfc062723c751e8b465ee728b)  -> (artifact id: '696e8050b22456644bebbe138e67524a') in 0.002065 seconds 
========================================================================
Received Import Request.
  Time since last request: 1.123455 seconds.
  path: Assets/03_Sprite/Room/Princess Chamber/Package/DragonRoom_Thumbnail.gif
  artifactKey: Guid(9dd42f75d4346774f9b8241ba5ff52be) Importer(815301076,1909f56bfc062723c751e8b465ee728b)
Start importing Assets/03_Sprite/Room/Princess Chamber/Package/DragonRoom_Thumbnail.gif using Guid(9dd42f75d4346774f9b8241ba5ff52be) Importer(815301076,1909f56bfc062723c751e8b465ee728b)  -> (artifact id: 'efd14b6a64fa7d688a00b686cbca0c03') in 0.026734 seconds 
========================================================================
Received Import Request.
  Time since last request: 0.000027 seconds.
  path: Assets/03_Sprite/Room/Princess Chamber/Package/Princess  Chamber.png
  artifactKey: Guid(62124b9fbf5a148499224707b9e43869) Importer(815301076,1909f56bfc062723c751e8b465ee728b)
Start importing Assets/03_Sprite/Room/Princess Chamber/Package/Princess  Chamber.png using Guid(62124b9fbf5a148499224707b9e43869) Importer(815301076,1909f56bfc062723c751e8b465ee728b)  -> (artifact id: 'fe0ef56eae66d8adf25c9b2080930c3c') in 0.018856 seconds 
========================================================================
Received Import Request.
  Time since last request: 9.369606 seconds.
  path: Assets/03_Sprite/Room/Stairs/Package/Stairs.obj
  artifactKey: Guid(f75c387b611f47f4997682447f7c28e9) Importer(815301076,1909f56bfc062723c751e8b465ee728b)
Start importing Assets/03_Sprite/Room/Stairs/Package/Stairs.obj using Guid(f75c387b611f47f4997682447f7c28e9) Importer(815301076,1909f56bfc062723c751e8b465ee728b)  -> (artifact id: 'f1675a5e7e5a49d448d7ef95b2deb2d4') in 0.042284 seconds 
========================================================================
Received Import Request.
  Time since last request: 7.527775 seconds.
  path: Assets/03_Sprite/Room/Thirsty Corridor/Package/Thirsty Corridor.obj
  artifactKey: Guid(48fcbb23415dc2746bcf6422c932020a) Importer(815301076,1909f56bfc062723c751e8b465ee728b)
Start importing Assets/03_Sprite/Room/Thirsty Corridor/Package/Thirsty Corridor.obj using Guid(48fcbb23415dc2746bcf6422c932020a) Importer(815301076,1909f56bfc062723c751e8b465ee728b)  -> (artifact id: '9abf8d7cf17037878526ac0ee7f2105e') in 0.029557 seconds 
========================================================================
Received Import Request.
  Time since last request: 9.415824 seconds.
  path: Assets/03_Sprite/Room/Treasure/Package
  artifactKey: Guid(81722ad61f763594fa5340169589f8a6) Importer(815301076,1909f56bfc062723c751e8b465ee728b)
Start importing Assets/03_Sprite/Room/Treasure/Package using Guid(81722ad61f763594fa5340169589f8a6) Importer(815301076,1909f56bfc062723c751e8b465ee728b)  -> (artifact id: 'e7100cbc1fb31fee20d636a6cc5caace') in 0.001883 seconds 
========================================================================
Received Import Request.
  Time since last request: 0.504236 seconds.
  path: Assets/03_Sprite/Room/Treasure/Package/Treasure.obj
  artifactKey: Guid(4dfde1de18ef25c45b636d9075faedd5) Importer(815301076,1909f56bfc062723c751e8b465ee728b)
Start importing Assets/03_Sprite/Room/Treasure/Package/Treasure.obj using Guid(4dfde1de18ef25c45b636d9075faedd5) Importer(815301076,1909f56bfc062723c751e8b465ee728b)  -> (artifact id: '8a6006e7564a203721cbd61bc40a21e0') in 0.030481 seconds 
